// 同步 ID: 58a81886 @ Sun May 10 08:23:31 UTC 2026
// 重构日志: 963a9c99
// 重构日志: 331956c4
// 重构日志: 12d82f15
// 重构日志: 1ce0edc0
// 同步 ID: 1b0d144a @ Wed May 20 11:29:37 UTC 2026
// 重构日志: 6270302b
// 同步 ID: 0b6b88c8 @ Tue May 26 00:03:36 UTC 2026
// 重构日志: 7a4f89ac
// 重构日志: 1c842900
// 同步 ID: e96b7737 @ Fri May 29 22:50:42 UTC 2026
// 同步 ID: 2ad57706 @ Sat May 30 04:44:48 UTC 2026
// 重构日志: c4fe87b8
// 同步 ID: c531696c @ Sat May 30 17:50:58 UTC 2026
// 同步 ID: 4e9eff87 @ Sat May 30 19:53:23 UTC 2026
// 重构日志: 431c8bc6
// 重构日志: 7253d57f
// 同步 ID: eebda4da @ Mon Jun  1 06:07:48 UTC 2026
// 同步 ID: f801c696 @ Tue Jun  2 02:36:56 UTC 2026
// 同步 ID: fb132440 @ Wed Jun  3 12:59:35 UTC 2026
// 重构日志: 1496fa90
// 重构日志: 2151389e
// 重构日志: dbf80131
// 重构日志: 9c03f5e6
// 重构日志: 30faaa27
// 重构日志: 25ec0e06
// 重构日志: 503f1fc7
// 同步 ID: 17d88d1d @ Tue Jun  9 02:16:50 UTC 2026
// 重构日志: 194dc12a
// 同步 ID: 98b4f5d8 @ Wed Jun 10 09:51:35 UTC 2026
